<?xml version="1.0" encoding="UTF-8"?>
<!-- Generated by org.testng.reporters.JUnitReportReporter -->
<testsuite hostname="DESKTOP-O9V80PL" failures="0" tests="3" name="TestngPrioties.TestNgPriorityDemo" time="0.012" errors="0" timestamp="2021-07-28T15:02:30 IST" skipped="0">
  <testcase classname="TestngPrioties.TestNgPriorityDemo" name="test1" time="0.010"/>
  <system-out/>
  <testcase classname="TestngPrioties.TestNgPriorityDemo" name="test3" time="0.001"/>
  <system-out/>
  <testcase classname="TestngPrioties.TestNgPriorityDemo" name="test2" time="0.001"/>
  <system-out/>
</testsuite> <!-- TestngPrioties.TestNgPriorityDemo -->
