<?xml version="1.0" encoding="UTF-8"?>
<!-- Generated by org.testng.reporters.JUnitReportReporter -->
<testsuite hostname="DESKTOP-O9V80PL" failures="0" tests="2" name="config.Config" time="0.026" errors="0" timestamp="2021-07-23T12:37:46 IST" skipped="0">
  <testcase classname="config.Config" name="setBrowserproperties" time="0.017"/>
  <system-out/>
  <testcase classname="config.Config" name="getBrowserproperties" time="0.009"/>
  <system-out/>
</testsuite> <!-- config.Config -->
