<?xml version="1.0" encoding="UTF-8"?>
<!-- Generated by org.testng.reporters.JUnitReportReporter -->
<testsuite hostname="DESKTOP-O9V80PL" failures="0" tests="2" name="TestngDependencies.TestNgDependencies" time="0.008" errors="0" timestamp="2021-07-28T16:26:02 IST" skipped="0">
  <testcase classname="TestngDependencies.TestNgDependencies" name="t1" time="0.000"/>
  <system-out/>
  <testcase classname="TestngDependencies.TestNgDependencies" name="t2" time="0.008"/>
  <system-out/>
</testsuite> <!-- TestngDependencies.TestNgDependencies -->
