<?xml version="1.0" encoding="UTF-8"?>
<!-- Generated by org.testng.reporters.JUnitReportReporter -->
<testsuite hostname="DESKTOP-O9V80PL" failures="0" tests="2" name="TestNggrouping.TestNgGrouping" time="0.010" errors="0" timestamp="2021-07-28T16:02:26 IST" skipped="0">
  <testcase classname="TestNggrouping.TestNgGrouping" name="test1" time="0.009"/>
  <system-out/>
  <testcase classname="TestNggrouping.TestNgGrouping" name="test2" time="0.001"/>
  <system-out/>
</testsuite> <!-- TestNggrouping.TestNgGrouping -->
